<?xml version="1.0" encoding="UTF-8"?>
<!-- Generated by org.testng.reporters.JUnitReportReporter -->
<testsuite skipped="0" hostname="LAPTOP-S1LVCJIH" name="com.TestCases.Tc_01_ValidateLoginCredentials" tests="1" failures="0" timestamp="31 Dec 2017 05:05:01 GMT" time="31.586" errors="0">
  <testcase name="Tc_01_ValidateLoginCredentials" time="31.586" classname="com.TestCases.Tc_01_ValidateLoginCredentials"/>
</testsuite> <!-- com.TestCases.Tc_01_ValidateLoginCredentials -->
